Mensaje I / 00:00:00:000 / Root(00) para top(01)
Mensaje I / 00:00:00:000 / top(01) para tt(02)
Mensaje I / 00:00:00:000 / top(01) para rx(03)
Mensaje D / 00:00:00:000 / tt(02) / ... para top(01)
Mensaje D / 00:00:00:000 / rx(03) / ... para top(01)
Mensaje D / 00:00:00:000 / top(01) / ... para Root(00)
Mensaje X / 00:00:10:000 / Root(00) / test_signal /  19000.00000 para top(01)
Mensaje X / 00:00:10:000 / top(01) / ext_signal /  19000.00000 para rx(03)
Mensaje D / 00:00:10:000 / rx(03) / 00:00:00:001 para top(01)
Mensaje D / 00:00:10:000 / top(01) / 00:00:00:001 para Root(00)
Mensaje * / 00:00:10:001 / Root(00) para top(01)
Mensaje * / 00:00:10:001 / top(01) para rx(03)
Mensaje Y / 00:00:10:001 / rx(03) / notify /      1.00000 para top(01)
Mensaje D / 00:00:10:001 / rx(03) / 00:00:00:010 para top(01)
Mensaje Y / 00:00:10:001 / top(01) / notify /      1.00000 para Root(00)
Mensaje D / 00:00:10:001 / top(01) / 00:00:00:010 para Root(00)
Mensaje * / 00:00:10:011 / Root(00) para top(01)
Mensaje * / 00:00:10:011 / top(01) para rx(03)
Mensaje Y / 00:00:10:011 / rx(03) / detected_signal_properties /  19000.00000 para top(01)
Mensaje D / 00:00:10:011 / rx(03) / 00:00:00:030 para top(01)
Mensaje X / 00:00:10:011 / top(01) / signal_props /  19000.00000 para tt(02)
Mensaje D / 00:00:10:011 / tt(02) / 00:00:00:005 para top(01)
Mensaje D / 00:00:10:011 / top(01) / 00:00:00:005 para Root(00)
Mensaje * / 00:00:10:016 / Root(00) para top(01)
Mensaje * / 00:00:10:016 / top(01) para tt(02)
Mensaje Y / 00:00:10:016 / tt(02) / bus_send_id /      2.00000 para top(01)
Mensaje Y / 00:00:10:016 / tt(02) / bus_send_freq /  19000.00000 para top(01)
Mensaje D / 00:00:10:016 / tt(02) / 00:00:00:010 para top(01)
Mensaje Y / 00:00:10:016 / top(01) / bs_id /      2.00000 para Root(00)
Mensaje Y / 00:00:10:016 / top(01) / bs_freq /  19000.00000 para Root(00)
Mensaje D / 00:00:10:016 / top(01) / 00:00:00:010 para Root(00)
Mensaje * / 00:00:10:026 / Root(00) para top(01)
Mensaje * / 00:00:10:026 / top(01) para tt(02)
Mensaje D / 00:00:10:026 / tt(02) / 00:00:00:000 para top(01)
Mensaje D / 00:00:10:026 / top(01) / 00:00:00:000 para Root(00)
Mensaje * / 00:00:10:026 / Root(00) para top(01)
Mensaje * / 00:00:10:026 / top(01) para tt(02)
Mensaje Y / 00:00:10:026 / tt(02) / new_freq /      0.00000 para top(01)
Mensaje Y / 00:00:10:026 / tt(02) / bus_send_id /      0.00000 para top(01)
Mensaje Y / 00:00:10:026 / tt(02) / bus_send_freq /      0.00000 para top(01)
Mensaje D / 00:00:10:026 / tt(02) / ... para top(01)
Mensaje X / 00:00:10:026 / top(01) / ext_signal /      0.00000 para rx(03)
Mensaje Y / 00:00:10:026 / top(01) / bs_id /      0.00000 para Root(00)
Mensaje Y / 00:00:10:026 / top(01) / bs_freq /      0.00000 para Root(00)
Mensaje D / 00:00:10:026 / rx(03) / 00:00:00:015 para top(01)
Mensaje D / 00:00:10:026 / top(01) / 00:00:00:015 para Root(00)
Mensaje * / 00:00:10:041 / Root(00) para top(01)
Mensaje * / 00:00:10:041 / top(01) para rx(03)
Mensaje Y / 00:00:10:041 / rx(03) / notify /      0.00000 para top(01)
Mensaje Y / 00:00:10:041 / rx(03) / detected_signal_properties /      0.00000 para top(01)
Mensaje D / 00:00:10:041 / rx(03) / ... para top(01)
Mensaje Y / 00:00:10:041 / top(01) / notify /      0.00000 para Root(00)
Mensaje X / 00:00:10:041 / top(01) / signal_props /      0.00000 para tt(02)
Mensaje D / 00:00:10:041 / tt(02) / ... para top(01)
Mensaje D / 00:00:10:041 / top(01) / ... para Root(00)
Mensaje X / 00:03:55:000 / Root(00) / brf /  22000.00000 para top(01)
Mensaje X / 00:03:55:000 / top(01) / bus_receive_freq /  22000.00000 para tt(02)
Mensaje D / 00:03:55:000 / tt(02) / 00:00:00:001 para top(01)
Mensaje D / 00:03:55:000 / top(01) / 00:00:00:001 para Root(00)
Mensaje X / 00:03:55:000 / Root(00) / brid /      3.00000 para top(01)
Mensaje X / 00:03:55:000 / top(01) / bus_receive_id /      3.00000 para tt(02)
Mensaje D / 00:03:55:000 / tt(02) / 00:00:00:001 para top(01)
Mensaje D / 00:03:55:000 / top(01) / 00:00:00:001 para Root(00)
Mensaje * / 00:03:55:001 / Root(00) para top(01)
Mensaje * / 00:03:55:001 / top(01) para tt(02)
Mensaje Y / 00:03:55:001 / tt(02) / new_freq /  22000.00000 para top(01)
Mensaje D / 00:03:55:001 / tt(02) / 00:00:00:003 para top(01)
Mensaje X / 00:03:55:001 / top(01) / ext_signal /  22000.00000 para rx(03)
Mensaje D / 00:03:55:001 / rx(03) / 00:00:00:001 para top(01)
Mensaje D / 00:03:55:001 / top(01) / 00:00:00:001 para Root(00)
Mensaje * / 00:03:55:002 / Root(00) para top(01)
Mensaje * / 00:03:55:002 / top(01) para rx(03)
Mensaje Y / 00:03:55:002 / rx(03) / notify /      1.00000 para top(01)
Mensaje D / 00:03:55:002 / rx(03) / 00:00:00:010 para top(01)
Mensaje Y / 00:03:55:002 / top(01) / notify /      1.00000 para Root(00)
Mensaje D / 00:03:55:002 / top(01) / 00:00:00:002 para Root(00)
Mensaje * / 00:03:55:004 / Root(00) para top(01)
Mensaje * / 00:03:55:004 / top(01) para tt(02)
Mensaje D / 00:03:55:004 / tt(02) / 00:00:00:000 para top(01)
Mensaje D / 00:03:55:004 / top(01) / 00:00:00:000 para Root(00)
Mensaje * / 00:03:55:004 / Root(00) para top(01)
Mensaje * / 00:03:55:004 / top(01) para tt(02)
Mensaje Y / 00:03:55:004 / tt(02) / new_freq /      0.00000 para top(01)
Mensaje Y / 00:03:55:004 / tt(02) / bus_send_id /      0.00000 para top(01)
Mensaje Y / 00:03:55:004 / tt(02) / bus_send_freq /      0.00000 para top(01)
Mensaje D / 00:03:55:004 / tt(02) / ... para top(01)
Mensaje X / 00:03:55:004 / top(01) / ext_signal /      0.00000 para rx(03)
Mensaje Y / 00:03:55:004 / top(01) / bs_id /      0.00000 para Root(00)
Mensaje Y / 00:03:55:004 / top(01) / bs_freq /      0.00000 para Root(00)
Mensaje D / 00:03:55:004 / rx(03) / 00:00:00:008 para top(01)
Mensaje D / 00:03:55:004 / top(01) / 00:00:00:008 para Root(00)
Mensaje * / 00:03:55:012 / Root(00) para top(01)
Mensaje * / 00:03:55:012 / top(01) para rx(03)
Mensaje Y / 00:03:55:012 / rx(03) / detected_signal_properties /  22000.00000 para top(01)
Mensaje D / 00:03:55:012 / rx(03) / 00:00:00:030 para top(01)
Mensaje X / 00:03:55:012 / top(01) / signal_props /  22000.00000 para tt(02)
Mensaje D / 00:03:55:012 / tt(02) / 00:00:00:005 para top(01)
Mensaje D / 00:03:55:012 / top(01) / 00:00:00:005 para Root(00)
Mensaje * / 00:03:55:017 / Root(00) para top(01)
Mensaje * / 00:03:55:017 / top(01) para tt(02)
Mensaje Y / 00:03:55:017 / tt(02) / bus_send_id /      2.00000 para top(01)
Mensaje Y / 00:03:55:017 / tt(02) / bus_send_freq /  22000.00000 para top(01)
Mensaje D / 00:03:55:017 / tt(02) / 00:00:00:010 para top(01)
Mensaje Y / 00:03:55:017 / top(01) / bs_id /      2.00000 para Root(00)
Mensaje Y / 00:03:55:017 / top(01) / bs_freq /  22000.00000 para Root(00)
Mensaje D / 00:03:55:017 / top(01) / 00:00:00:010 para Root(00)
Mensaje * / 00:03:55:027 / Root(00) para top(01)
Mensaje * / 00:03:55:027 / top(01) para tt(02)
Mensaje D / 00:03:55:027 / tt(02) / 00:00:00:000 para top(01)
Mensaje D / 00:03:55:027 / top(01) / 00:00:00:000 para Root(00)
Mensaje * / 00:03:55:027 / Root(00) para top(01)
Mensaje * / 00:03:55:027 / top(01) para tt(02)
Mensaje Y / 00:03:55:027 / tt(02) / new_freq /      0.00000 para top(01)
Mensaje Y / 00:03:55:027 / tt(02) / bus_send_id /      0.00000 para top(01)
Mensaje Y / 00:03:55:027 / tt(02) / bus_send_freq /      0.00000 para top(01)
Mensaje D / 00:03:55:027 / tt(02) / ... para top(01)
Mensaje X / 00:03:55:027 / top(01) / ext_signal /      0.00000 para rx(03)
Mensaje Y / 00:03:55:027 / top(01) / bs_id /      0.00000 para Root(00)
Mensaje Y / 00:03:55:027 / top(01) / bs_freq /      0.00000 para Root(00)
Mensaje D / 00:03:55:027 / rx(03) / 00:00:00:015 para top(01)
Mensaje D / 00:03:55:027 / top(01) / 00:00:00:015 para Root(00)
Mensaje * / 00:03:55:042 / Root(00) para top(01)
Mensaje * / 00:03:55:042 / top(01) para rx(03)
Mensaje Y / 00:03:55:042 / rx(03) / notify /      0.00000 para top(01)
Mensaje Y / 00:03:55:042 / rx(03) / detected_signal_properties /      0.00000 para top(01)
Mensaje D / 00:03:55:042 / rx(03) / ... para top(01)
Mensaje Y / 00:03:55:042 / top(01) / notify /      0.00000 para Root(00)
Mensaje X / 00:03:55:042 / top(01) / signal_props /      0.00000 para tt(02)
Mensaje D / 00:03:55:042 / tt(02) / ... para top(01)
Mensaje D / 00:03:55:042 / top(01) / ... para Root(00)
