Mensaje I / 00:00:00:000 / Root(00) para top(01)
Mensaje I / 00:00:00:000 / top(01) para tt(02)
Mensaje D / 00:00:00:000 / tt(02) / ... para top(01)
Mensaje D / 00:00:00:000 / top(01) / ... para Root(00)
Mensaje X / 00:00:10:000 / Root(00) / sp /  10000.00000 para top(01)
Mensaje X / 00:00:10:000 / top(01) / signal_props /  10000.00000 para tt(02)
Mensaje D / 00:00:10:000 / tt(02) / 00:00:00:005 para top(01)
Mensaje D / 00:00:10:000 / top(01) / 00:00:00:005 para Root(00)
Mensaje * / 00:00:10:005 / Root(00) para top(01)
Mensaje * / 00:00:10:005 / top(01) para tt(02)
Mensaje Y / 00:00:10:005 / tt(02) / bus_send_id /      2.00000 para top(01)
Mensaje Y / 00:00:10:005 / tt(02) / bus_send_freq /  10000.00000 para top(01)
Mensaje D / 00:00:10:005 / tt(02) / 00:00:00:010 para top(01)
Mensaje Y / 00:00:10:005 / top(01) / bs_id /      2.00000 para Root(00)
Mensaje Y / 00:00:10:005 / top(01) / bs_freq /  10000.00000 para Root(00)
Mensaje D / 00:00:10:005 / top(01) / 00:00:00:010 para Root(00)
Mensaje * / 00:00:10:015 / Root(00) para top(01)
Mensaje * / 00:00:10:015 / top(01) para tt(02)
Mensaje D / 00:00:10:015 / tt(02) / 00:00:00:000 para top(01)
Mensaje D / 00:00:10:015 / top(01) / 00:00:00:000 para Root(00)
Mensaje * / 00:00:10:015 / Root(00) para top(01)
Mensaje * / 00:00:10:015 / top(01) para tt(02)
Mensaje Y / 00:00:10:015 / tt(02) / new_freq /      0.00000 para top(01)
Mensaje Y / 00:00:10:015 / tt(02) / bus_send_id /      0.00000 para top(01)
Mensaje Y / 00:00:10:015 / tt(02) / bus_send_freq /      0.00000 para top(01)
Mensaje D / 00:00:10:015 / tt(02) / ... para top(01)
Mensaje Y / 00:00:10:015 / top(01) / nf /      0.00000 para Root(00)
Mensaje Y / 00:00:10:015 / top(01) / bs_id /      0.00000 para Root(00)
Mensaje Y / 00:00:10:015 / top(01) / bs_freq /      0.00000 para Root(00)
Mensaje D / 00:00:10:015 / top(01) / ... para Root(00)
Mensaje X / 00:00:30:000 / Root(00) / sp /  11000.00000 para top(01)
Mensaje X / 00:00:30:000 / top(01) / signal_props /  11000.00000 para tt(02)
Mensaje D / 00:00:30:000 / tt(02) / 00:00:00:005 para top(01)
Mensaje D / 00:00:30:000 / top(01) / 00:00:00:005 para Root(00)
Mensaje * / 00:00:30:005 / Root(00) para top(01)
Mensaje * / 00:00:30:005 / top(01) para tt(02)
Mensaje Y / 00:00:30:005 / tt(02) / bus_send_id /      2.00000 para top(01)
Mensaje Y / 00:00:30:005 / tt(02) / bus_send_freq /  11000.00000 para top(01)
Mensaje D / 00:00:30:005 / tt(02) / 00:00:00:010 para top(01)
Mensaje Y / 00:00:30:005 / top(01) / bs_id /      2.00000 para Root(00)
Mensaje Y / 00:00:30:005 / top(01) / bs_freq /  11000.00000 para Root(00)
Mensaje D / 00:00:30:005 / top(01) / 00:00:00:010 para Root(00)
Mensaje * / 00:00:30:015 / Root(00) para top(01)
Mensaje * / 00:00:30:015 / top(01) para tt(02)
Mensaje D / 00:00:30:015 / tt(02) / 00:00:00:000 para top(01)
Mensaje D / 00:00:30:015 / top(01) / 00:00:00:000 para Root(00)
Mensaje * / 00:00:30:015 / Root(00) para top(01)
Mensaje * / 00:00:30:015 / top(01) para tt(02)
Mensaje Y / 00:00:30:015 / tt(02) / new_freq /      0.00000 para top(01)
Mensaje Y / 00:00:30:015 / tt(02) / bus_send_id /      0.00000 para top(01)
Mensaje Y / 00:00:30:015 / tt(02) / bus_send_freq /      0.00000 para top(01)
Mensaje D / 00:00:30:015 / tt(02) / ... para top(01)
Mensaje Y / 00:00:30:015 / top(01) / nf /      0.00000 para Root(00)
Mensaje Y / 00:00:30:015 / top(01) / bs_id /      0.00000 para Root(00)
Mensaje Y / 00:00:30:015 / top(01) / bs_freq /      0.00000 para Root(00)
Mensaje D / 00:00:30:015 / top(01) / ... para Root(00)
Mensaje X / 00:01:00:000 / Root(00) / sp /  12000.00000 para top(01)
Mensaje X / 00:01:00:000 / top(01) / signal_props /  12000.00000 para tt(02)
Mensaje D / 00:01:00:000 / tt(02) / 00:00:00:005 para top(01)
Mensaje D / 00:01:00:000 / top(01) / 00:00:00:005 para Root(00)
Mensaje * / 00:01:00:005 / Root(00) para top(01)
Mensaje * / 00:01:00:005 / top(01) para tt(02)
Mensaje Y / 00:01:00:005 / tt(02) / bus_send_id /      2.00000 para top(01)
Mensaje Y / 00:01:00:005 / tt(02) / bus_send_freq /  12000.00000 para top(01)
Mensaje D / 00:01:00:005 / tt(02) / 00:00:00:010 para top(01)
Mensaje Y / 00:01:00:005 / top(01) / bs_id /      2.00000 para Root(00)
Mensaje Y / 00:01:00:005 / top(01) / bs_freq /  12000.00000 para Root(00)
Mensaje D / 00:01:00:005 / top(01) / 00:00:00:010 para Root(00)
Mensaje * / 00:01:00:015 / Root(00) para top(01)
Mensaje * / 00:01:00:015 / top(01) para tt(02)
Mensaje D / 00:01:00:015 / tt(02) / 00:00:00:000 para top(01)
Mensaje D / 00:01:00:015 / top(01) / 00:00:00:000 para Root(00)
Mensaje * / 00:01:00:015 / Root(00) para top(01)
Mensaje * / 00:01:00:015 / top(01) para tt(02)
Mensaje Y / 00:01:00:015 / tt(02) / new_freq /      0.00000 para top(01)
Mensaje Y / 00:01:00:015 / tt(02) / bus_send_id /      0.00000 para top(01)
Mensaje Y / 00:01:00:015 / tt(02) / bus_send_freq /      0.00000 para top(01)
Mensaje D / 00:01:00:015 / tt(02) / ... para top(01)
Mensaje Y / 00:01:00:015 / top(01) / nf /      0.00000 para Root(00)
Mensaje Y / 00:01:00:015 / top(01) / bs_id /      0.00000 para Root(00)
Mensaje Y / 00:01:00:015 / top(01) / bs_freq /      0.00000 para Root(00)
Mensaje D / 00:01:00:015 / top(01) / ... para Root(00)
Mensaje X / 00:02:20:000 / Root(00) / sp /  13000.00000 para top(01)
Mensaje X / 00:02:20:000 / top(01) / signal_props /  13000.00000 para tt(02)
Mensaje D / 00:02:20:000 / tt(02) / 00:00:00:005 para top(01)
Mensaje D / 00:02:20:000 / top(01) / 00:00:00:005 para Root(00)
Mensaje * / 00:02:20:005 / Root(00) para top(01)
Mensaje * / 00:02:20:005 / top(01) para tt(02)
Mensaje Y / 00:02:20:005 / tt(02) / bus_send_id /      2.00000 para top(01)
Mensaje Y / 00:02:20:005 / tt(02) / bus_send_freq /  13000.00000 para top(01)
Mensaje D / 00:02:20:005 / tt(02) / 00:00:00:010 para top(01)
Mensaje Y / 00:02:20:005 / top(01) / bs_id /      2.00000 para Root(00)
Mensaje Y / 00:02:20:005 / top(01) / bs_freq /  13000.00000 para Root(00)
Mensaje D / 00:02:20:005 / top(01) / 00:00:00:010 para Root(00)
Mensaje * / 00:02:20:015 / Root(00) para top(01)
Mensaje * / 00:02:20:015 / top(01) para tt(02)
Mensaje D / 00:02:20:015 / tt(02) / 00:00:00:000 para top(01)
Mensaje D / 00:02:20:015 / top(01) / 00:00:00:000 para Root(00)
Mensaje * / 00:02:20:015 / Root(00) para top(01)
Mensaje * / 00:02:20:015 / top(01) para tt(02)
Mensaje Y / 00:02:20:015 / tt(02) / new_freq /      0.00000 para top(01)
Mensaje Y / 00:02:20:015 / tt(02) / bus_send_id /      0.00000 para top(01)
Mensaje Y / 00:02:20:015 / tt(02) / bus_send_freq /      0.00000 para top(01)
Mensaje D / 00:02:20:015 / tt(02) / ... para top(01)
Mensaje Y / 00:02:20:015 / top(01) / nf /      0.00000 para Root(00)
Mensaje Y / 00:02:20:015 / top(01) / bs_id /      0.00000 para Root(00)
Mensaje Y / 00:02:20:015 / top(01) / bs_freq /      0.00000 para Root(00)
Mensaje D / 00:02:20:015 / top(01) / ... para Root(00)
Mensaje X / 00:03:40:000 / Root(00) / brf /  21000.00000 para top(01)
Mensaje X / 00:03:40:000 / top(01) / bus_receive_freq /  21000.00000 para tt(02)
Mensaje D / 00:03:40:000 / tt(02) / 00:00:00:001 para top(01)
Mensaje D / 00:03:40:000 / top(01) / 00:00:00:001 para Root(00)
Mensaje X / 00:03:40:000 / Root(00) / brid /      2.00000 para top(01)
Mensaje X / 00:03:40:000 / top(01) / bus_receive_id /      2.00000 para tt(02)
Mensaje D / 00:03:40:000 / tt(02) / 00:00:00:001 para top(01)
Mensaje D / 00:03:40:000 / top(01) / 00:00:00:001 para Root(00)
Mensaje * / 00:03:40:001 / Root(00) para top(01)
Mensaje * / 00:03:40:001 / top(01) para tt(02)
Mensaje Y / 00:03:40:001 / tt(02) / new_freq /  21000.00000 para top(01)
Mensaje D / 00:03:40:001 / tt(02) / 00:00:00:003 para top(01)
Mensaje Y / 00:03:40:001 / top(01) / nf /  21000.00000 para Root(00)
Mensaje D / 00:03:40:001 / top(01) / 00:00:00:003 para Root(00)
Mensaje * / 00:03:40:004 / Root(00) para top(01)
Mensaje * / 00:03:40:004 / top(01) para tt(02)
Mensaje D / 00:03:40:004 / tt(02) / 00:00:00:000 para top(01)
Mensaje D / 00:03:40:004 / top(01) / 00:00:00:000 para Root(00)
Mensaje * / 00:03:40:004 / Root(00) para top(01)
Mensaje * / 00:03:40:004 / top(01) para tt(02)
Mensaje Y / 00:03:40:004 / tt(02) / new_freq /      0.00000 para top(01)
Mensaje Y / 00:03:40:004 / tt(02) / bus_send_id /      0.00000 para top(01)
Mensaje Y / 00:03:40:004 / tt(02) / bus_send_freq /      0.00000 para top(01)
Mensaje D / 00:03:40:004 / tt(02) / ... para top(01)
Mensaje Y / 00:03:40:004 / top(01) / nf /      0.00000 para Root(00)
Mensaje Y / 00:03:40:004 / top(01) / bs_id /      0.00000 para Root(00)
Mensaje Y / 00:03:40:004 / top(01) / bs_freq /      0.00000 para Root(00)
Mensaje D / 00:03:40:004 / top(01) / ... para Root(00)
Mensaje X / 00:03:55:000 / Root(00) / brf /  22000.00000 para top(01)
Mensaje X / 00:03:55:000 / top(01) / bus_receive_freq /  22000.00000 para tt(02)
Mensaje D / 00:03:55:000 / tt(02) / 00:00:00:001 para top(01)
Mensaje D / 00:03:55:000 / top(01) / 00:00:00:001 para Root(00)
Mensaje X / 00:03:55:000 / Root(00) / brid /      3.00000 para top(01)
Mensaje X / 00:03:55:000 / top(01) / bus_receive_id /      3.00000 para tt(02)
Mensaje D / 00:03:55:000 / tt(02) / 00:00:00:001 para top(01)
Mensaje D / 00:03:55:000 / top(01) / 00:00:00:001 para Root(00)
Mensaje * / 00:03:55:001 / Root(00) para top(01)
Mensaje * / 00:03:55:001 / top(01) para tt(02)
Mensaje Y / 00:03:55:001 / tt(02) / new_freq /  22000.00000 para top(01)
Mensaje D / 00:03:55:001 / tt(02) / 00:00:00:003 para top(01)
Mensaje Y / 00:03:55:001 / top(01) / nf /  22000.00000 para Root(00)
Mensaje D / 00:03:55:001 / top(01) / 00:00:00:003 para Root(00)
Mensaje * / 00:03:55:004 / Root(00) para top(01)
Mensaje * / 00:03:55:004 / top(01) para tt(02)
Mensaje D / 00:03:55:004 / tt(02) / 00:00:00:000 para top(01)
Mensaje D / 00:03:55:004 / top(01) / 00:00:00:000 para Root(00)
Mensaje * / 00:03:55:004 / Root(00) para top(01)
Mensaje * / 00:03:55:004 / top(01) para tt(02)
Mensaje Y / 00:03:55:004 / tt(02) / new_freq /      0.00000 para top(01)
Mensaje Y / 00:03:55:004 / tt(02) / bus_send_id /      0.00000 para top(01)
Mensaje Y / 00:03:55:004 / tt(02) / bus_send_freq /      0.00000 para top(01)
Mensaje D / 00:03:55:004 / tt(02) / ... para top(01)
Mensaje Y / 00:03:55:004 / top(01) / nf /      0.00000 para Root(00)
Mensaje Y / 00:03:55:004 / top(01) / bs_id /      0.00000 para Root(00)
Mensaje Y / 00:03:55:004 / top(01) / bs_freq /      0.00000 para Root(00)
Mensaje D / 00:03:55:004 / top(01) / ... para Root(00)
