Mensaje I / 00:00:00:000 / Root(00) para top(01)
Mensaje I / 00:00:00:000 / top(01) para tr(02)
Mensaje I / 00:00:00:000 / top(01) para netrx(03)
Mensaje D / 00:00:00:000 / tr(02) / 00:00:00:000 para top(01)
Mensaje I / 00:00:00:000 / netrx(03) para tt(04)
Mensaje I / 00:00:00:000 / netrx(03) para rx(05)
Mensaje D / 00:00:00:000 / tt(04) / ... para netrx(03)
Mensaje D / 00:00:00:000 / rx(05) / ... para netrx(03)
Mensaje D / 00:00:00:000 / netrx(03) / ... para top(01)
Mensaje D / 00:00:00:000 / top(01) / 00:00:00:000 para Root(00)
Mensaje * / 00:00:00:000 / Root(00) para top(01)
Mensaje * / 00:00:00:000 / top(01) para tr(02)
Mensaje Y / 00:00:00:000 / tr(02) / pulse_out /  24000.00000 para top(01)
Mensaje D / 00:00:00:000 / tr(02) / 00:00:00:005 para top(01)
Mensaje X / 00:00:00:000 / top(01) / ext_signal /  24000.00000 para netrx(03)
Mensaje X / 00:00:00:000 / netrx(03) / ext_signal /  24000.00000 para rx(05)
Mensaje D / 00:00:00:000 / rx(05) / 00:00:00:001 para netrx(03)
Mensaje D / 00:00:00:000 / netrx(03) / 00:00:00:001 para top(01)
Mensaje D / 00:00:00:000 / top(01) / 00:00:00:001 para Root(00)
Mensaje * / 00:00:00:001 / Root(00) para top(01)
Mensaje * / 00:00:00:001 / top(01) para netrx(03)
Mensaje * / 00:00:00:001 / netrx(03) para rx(05)
Mensaje Y / 00:00:00:001 / rx(05) / notify /      1.00000 para netrx(03)
Mensaje D / 00:00:00:001 / rx(05) / 00:00:00:010 para netrx(03)
Mensaje Y / 00:00:00:001 / netrx(03) / notify /      1.00000 para top(01)
Mensaje D / 00:00:00:001 / netrx(03) / 00:00:00:010 para top(01)
Mensaje Y / 00:00:00:001 / top(01) / notify /      1.00000 para Root(00)
Mensaje D / 00:00:00:001 / top(01) / 00:00:00:004 para Root(00)
Mensaje * / 00:00:00:005 / Root(00) para top(01)
Mensaje * / 00:00:00:005 / top(01) para tr(02)
Mensaje Y / 00:00:00:005 / tr(02) / pulse_out /      0.00000 para top(01)
Mensaje D / 00:00:00:005 / tr(02) / 00:00:00:035 para top(01)
Mensaje X / 00:00:00:005 / top(01) / ext_signal /      0.00000 para netrx(03)
Mensaje X / 00:00:00:005 / netrx(03) / ext_signal /      0.00000 para rx(05)
Mensaje D / 00:00:00:005 / rx(05) / 00:00:00:006 para netrx(03)
Mensaje D / 00:00:00:005 / netrx(03) / 00:00:00:006 para top(01)
Mensaje D / 00:00:00:005 / top(01) / 00:00:00:006 para Root(00)
Mensaje * / 00:00:00:011 / Root(00) para top(01)
Mensaje * / 00:00:00:011 / top(01) para netrx(03)
Mensaje * / 00:00:00:011 / netrx(03) para rx(05)
Mensaje Y / 00:00:00:011 / rx(05) / detected_signal_properties /  24000.00000 para netrx(03)
Mensaje D / 00:00:00:011 / rx(05) / 00:00:00:030 para netrx(03)
Mensaje X / 00:00:00:011 / netrx(03) / signal_props /  24000.00000 para tt(04)
Mensaje D / 00:00:00:011 / tt(04) / 00:00:00:005 para netrx(03)
Mensaje D / 00:00:00:011 / netrx(03) / 00:00:00:005 para top(01)
Mensaje D / 00:00:00:011 / top(01) / 00:00:00:005 para Root(00)
Mensaje * / 00:00:00:016 / Root(00) para top(01)
Mensaje * / 00:00:00:016 / top(01) para netrx(03)
Mensaje * / 00:00:00:016 / netrx(03) para tt(04)
Mensaje Y / 00:00:00:016 / tt(04) / bus_send_id /      1.00000 para netrx(03)
Mensaje Y / 00:00:00:016 / tt(04) / bus_send_freq /  24000.00000 para netrx(03)
Mensaje D / 00:00:00:016 / tt(04) / 00:00:00:010 para netrx(03)
Mensaje Y / 00:00:00:016 / netrx(03) / bs_id /      1.00000 para top(01)
Mensaje Y / 00:00:00:016 / netrx(03) / bs_freq /  24000.00000 para top(01)
Mensaje D / 00:00:00:016 / netrx(03) / 00:00:00:010 para top(01)
Mensaje Y / 00:00:00:016 / top(01) / bs_id /      1.00000 para Root(00)
Mensaje Y / 00:00:00:016 / top(01) / bs_freq /  24000.00000 para Root(00)
Mensaje D / 00:00:00:016 / top(01) / 00:00:00:010 para Root(00)
Mensaje X / 00:00:00:020 / Root(00) / brf /  19000.00000 para top(01)
Mensaje X / 00:00:00:020 / top(01) / brf /  19000.00000 para netrx(03)
Mensaje X / 00:00:00:020 / netrx(03) / bus_receive_freq /  19000.00000 para tt(04)
Mensaje D / 00:00:00:020 / tt(04) / 00:00:00:006 para netrx(03)
Mensaje D / 00:00:00:020 / netrx(03) / 00:00:00:006 para top(01)
Mensaje D / 00:00:00:020 / top(01) / 00:00:00:006 para Root(00)
Mensaje X / 00:00:00:020 / Root(00) / brid /      3.00000 para top(01)
Mensaje X / 00:00:00:020 / top(01) / brid /      3.00000 para netrx(03)
Mensaje X / 00:00:00:020 / netrx(03) / bus_receive_id /      3.00000 para tt(04)
Mensaje D / 00:00:00:020 / tt(04) / 00:00:00:006 para netrx(03)
Mensaje D / 00:00:00:020 / netrx(03) / 00:00:00:006 para top(01)
Mensaje D / 00:00:00:020 / top(01) / 00:00:00:006 para Root(00)
Mensaje * / 00:00:00:026 / Root(00) para top(01)
Mensaje * / 00:00:00:026 / top(01) para netrx(03)
Mensaje * / 00:00:00:026 / netrx(03) para tt(04)
Mensaje D / 00:00:00:026 / tt(04) / 00:00:00:000 para netrx(03)
Mensaje D / 00:00:00:026 / netrx(03) / 00:00:00:000 para top(01)
Mensaje D / 00:00:00:026 / top(01) / 00:00:00:000 para Root(00)
Mensaje * / 00:00:00:026 / Root(00) para top(01)
Mensaje * / 00:00:00:026 / top(01) para netrx(03)
Mensaje * / 00:00:00:026 / netrx(03) para tt(04)
Mensaje Y / 00:00:00:026 / tt(04) / new_freq /      0.00000 para netrx(03)
Mensaje Y / 00:00:00:026 / tt(04) / bus_send_id /      0.00000 para netrx(03)
Mensaje Y / 00:00:00:026 / tt(04) / bus_send_freq /      0.00000 para netrx(03)
Mensaje D / 00:00:00:026 / tt(04) / ... para netrx(03)
Mensaje X / 00:00:00:026 / netrx(03) / ext_signal /      0.00000 para rx(05)
Mensaje Y / 00:00:00:026 / netrx(03) / bs_id /      0.00000 para top(01)
Mensaje Y / 00:00:00:026 / netrx(03) / bs_freq /      0.00000 para top(01)
Mensaje D / 00:00:00:026 / rx(05) / 00:00:00:015 para netrx(03)
Mensaje Y / 00:00:00:026 / top(01) / bs_id /      0.00000 para Root(00)
Mensaje Y / 00:00:00:026 / top(01) / bs_freq /      0.00000 para Root(00)
Mensaje D / 00:00:00:026 / netrx(03) / 00:00:00:015 para top(01)
Mensaje D / 00:00:00:026 / top(01) / 00:00:00:014 para Root(00)
Mensaje * / 00:00:00:040 / Root(00) para top(01)
Mensaje * / 00:00:00:040 / top(01) para tr(02)
Mensaje Y / 00:00:00:040 / tr(02) / pulse_out /  24000.00000 para top(01)
Mensaje D / 00:00:00:040 / tr(02) / 00:00:00:005 para top(01)
Mensaje X / 00:00:00:040 / top(01) / ext_signal /  24000.00000 para netrx(03)
Mensaje X / 00:00:00:040 / netrx(03) / ext_signal /  24000.00000 para rx(05)
Mensaje D / 00:00:00:040 / rx(05) / 00:00:00:001 para netrx(03)
Mensaje D / 00:00:00:040 / netrx(03) / 00:00:00:001 para top(01)
Mensaje D / 00:00:00:040 / top(01) / 00:00:00:001 para Root(00)
Mensaje * / 00:00:00:041 / Root(00) para top(01)
Mensaje * / 00:00:00:041 / top(01) para netrx(03)
Mensaje * / 00:00:00:041 / netrx(03) para rx(05)
Mensaje Y / 00:00:00:041 / rx(05) / notify /      0.00000 para netrx(03)
Mensaje Y / 00:00:00:041 / rx(05) / detected_signal_properties /      0.00000 para netrx(03)
Mensaje D / 00:00:00:041 / rx(05) / ... para netrx(03)
Mensaje Y / 00:00:00:041 / netrx(03) / notify /      0.00000 para top(01)
Mensaje X / 00:00:00:041 / netrx(03) / signal_props /      0.00000 para tt(04)
Mensaje Y / 00:00:00:041 / top(01) / notify /      0.00000 para Root(00)
Mensaje D / 00:00:00:041 / tt(04) / ... para netrx(03)
Mensaje D / 00:00:00:041 / netrx(03) / ... para top(01)
Mensaje D / 00:00:00:041 / top(01) / 00:00:00:004 para Root(00)
Mensaje * / 00:00:00:045 / Root(00) para top(01)
Mensaje * / 00:00:00:045 / top(01) para tr(02)
Mensaje Y / 00:00:00:045 / tr(02) / pulse_out /      0.00000 para top(01)
Mensaje D / 00:00:00:045 / tr(02) / 00:00:00:035 para top(01)
Mensaje X / 00:00:00:045 / top(01) / ext_signal /      0.00000 para netrx(03)
Mensaje X / 00:00:00:045 / netrx(03) / ext_signal /      0.00000 para rx(05)
Mensaje D / 00:00:00:045 / rx(05) / ... para netrx(03)
Mensaje D / 00:00:00:045 / netrx(03) / ... para top(01)
Mensaje D / 00:00:00:045 / top(01) / 00:00:00:035 para Root(00)
Mensaje * / 00:00:00:080 / Root(00) para top(01)
Mensaje * / 00:00:00:080 / top(01) para tr(02)
Mensaje Y / 00:00:00:080 / tr(02) / pulse_out /  24000.00000 para top(01)
Mensaje D / 00:00:00:080 / tr(02) / 00:00:00:005 para top(01)
Mensaje X / 00:00:00:080 / top(01) / ext_signal /  24000.00000 para netrx(03)
Mensaje X / 00:00:00:080 / netrx(03) / ext_signal /  24000.00000 para rx(05)
Mensaje D / 00:00:00:080 / rx(05) / 00:00:00:001 para netrx(03)
Mensaje D / 00:00:00:080 / netrx(03) / 00:00:00:001 para top(01)
Mensaje D / 00:00:00:080 / top(01) / 00:00:00:001 para Root(00)
Mensaje * / 00:00:00:081 / Root(00) para top(01)
Mensaje * / 00:00:00:081 / top(01) para netrx(03)
Mensaje * / 00:00:00:081 / netrx(03) para rx(05)
Mensaje Y / 00:00:00:081 / rx(05) / notify /      1.00000 para netrx(03)
Mensaje D / 00:00:00:081 / rx(05) / 00:00:00:010 para netrx(03)
Mensaje Y / 00:00:00:081 / netrx(03) / notify /      1.00000 para top(01)
Mensaje D / 00:00:00:081 / netrx(03) / 00:00:00:010 para top(01)
Mensaje Y / 00:00:00:081 / top(01) / notify /      1.00000 para Root(00)
Mensaje D / 00:00:00:081 / top(01) / 00:00:00:004 para Root(00)
Mensaje * / 00:00:00:085 / Root(00) para top(01)
Mensaje * / 00:00:00:085 / top(01) para tr(02)
Mensaje Y / 00:00:00:085 / tr(02) / pulse_out /      0.00000 para top(01)
Mensaje D / 00:00:00:085 / tr(02) / 00:00:00:035 para top(01)
Mensaje X / 00:00:00:085 / top(01) / ext_signal /      0.00000 para netrx(03)
Mensaje X / 00:00:00:085 / netrx(03) / ext_signal /      0.00000 para rx(05)
Mensaje D / 00:00:00:085 / rx(05) / 00:00:00:006 para netrx(03)
Mensaje D / 00:00:00:085 / netrx(03) / 00:00:00:006 para top(01)
Mensaje D / 00:00:00:085 / top(01) / 00:00:00:006 para Root(00)
Mensaje * / 00:00:00:091 / Root(00) para top(01)
Mensaje * / 00:00:00:091 / top(01) para netrx(03)
Mensaje * / 00:00:00:091 / netrx(03) para rx(05)
Mensaje Y / 00:00:00:091 / rx(05) / detected_signal_properties /  24000.00000 para netrx(03)
Mensaje D / 00:00:00:091 / rx(05) / 00:00:00:030 para netrx(03)
Mensaje X / 00:00:00:091 / netrx(03) / signal_props /  24000.00000 para tt(04)
Mensaje D / 00:00:00:091 / tt(04) / 00:00:00:005 para netrx(03)
Mensaje D / 00:00:00:091 / netrx(03) / 00:00:00:005 para top(01)
Mensaje D / 00:00:00:091 / top(01) / 00:00:00:005 para Root(00)
Mensaje * / 00:00:00:096 / Root(00) para top(01)
Mensaje * / 00:00:00:096 / top(01) para netrx(03)
Mensaje * / 00:00:00:096 / netrx(03) para tt(04)
Mensaje Y / 00:00:00:096 / tt(04) / bus_send_id /      1.00000 para netrx(03)
Mensaje Y / 00:00:00:096 / tt(04) / bus_send_freq /  24000.00000 para netrx(03)
Mensaje D / 00:00:00:096 / tt(04) / 00:00:00:010 para netrx(03)
Mensaje Y / 00:00:00:096 / netrx(03) / bs_id /      1.00000 para top(01)
Mensaje Y / 00:00:00:096 / netrx(03) / bs_freq /  24000.00000 para top(01)
Mensaje D / 00:00:00:096 / netrx(03) / 00:00:00:010 para top(01)
Mensaje Y / 00:00:00:096 / top(01) / bs_id /      1.00000 para Root(00)
Mensaje Y / 00:00:00:096 / top(01) / bs_freq /  24000.00000 para Root(00)
Mensaje D / 00:00:00:096 / top(01) / 00:00:00:010 para Root(00)
Mensaje * / 00:00:00:106 / Root(00) para top(01)
Mensaje * / 00:00:00:106 / top(01) para netrx(03)
Mensaje * / 00:00:00:106 / netrx(03) para tt(04)
Mensaje D / 00:00:00:106 / tt(04) / 00:00:00:000 para netrx(03)
Mensaje D / 00:00:00:106 / netrx(03) / 00:00:00:000 para top(01)
Mensaje D / 00:00:00:106 / top(01) / 00:00:00:000 para Root(00)
Mensaje * / 00:00:00:106 / Root(00) para top(01)
Mensaje * / 00:00:00:106 / top(01) para netrx(03)
Mensaje * / 00:00:00:106 / netrx(03) para tt(04)
Mensaje Y / 00:00:00:106 / tt(04) / new_freq /      0.00000 para netrx(03)
Mensaje Y / 00:00:00:106 / tt(04) / bus_send_id /      0.00000 para netrx(03)
Mensaje Y / 00:00:00:106 / tt(04) / bus_send_freq /      0.00000 para netrx(03)
Mensaje D / 00:00:00:106 / tt(04) / ... para netrx(03)
Mensaje X / 00:00:00:106 / netrx(03) / ext_signal /      0.00000 para rx(05)
Mensaje Y / 00:00:00:106 / netrx(03) / bs_id /      0.00000 para top(01)
Mensaje Y / 00:00:00:106 / netrx(03) / bs_freq /      0.00000 para top(01)
Mensaje D / 00:00:00:106 / rx(05) / 00:00:00:015 para netrx(03)
Mensaje Y / 00:00:00:106 / top(01) / bs_id /      0.00000 para Root(00)
Mensaje Y / 00:00:00:106 / top(01) / bs_freq /      0.00000 para Root(00)
Mensaje D / 00:00:00:106 / netrx(03) / 00:00:00:015 para top(01)
Mensaje D / 00:00:00:106 / top(01) / 00:00:00:014 para Root(00)
Mensaje * / 00:00:00:120 / Root(00) para top(01)
Mensaje * / 00:00:00:120 / top(01) para tr(02)
Mensaje Y / 00:00:00:120 / tr(02) / pulse_out /  24000.00000 para top(01)
Mensaje D / 00:00:00:120 / tr(02) / 00:00:00:005 para top(01)
Mensaje X / 00:00:00:120 / top(01) / ext_signal /  24000.00000 para netrx(03)
Mensaje X / 00:00:00:120 / netrx(03) / ext_signal /  24000.00000 para rx(05)
Mensaje D / 00:00:00:120 / rx(05) / 00:00:00:001 para netrx(03)
Mensaje D / 00:00:00:120 / netrx(03) / 00:00:00:001 para top(01)
Mensaje D / 00:00:00:120 / top(01) / 00:00:00:001 para Root(00)
Mensaje * / 00:00:00:121 / Root(00) para top(01)
Mensaje * / 00:00:00:121 / top(01) para netrx(03)
Mensaje * / 00:00:00:121 / netrx(03) para rx(05)
Mensaje Y / 00:00:00:121 / rx(05) / notify /      0.00000 para netrx(03)
Mensaje Y / 00:00:00:121 / rx(05) / detected_signal_properties /      0.00000 para netrx(03)
Mensaje D / 00:00:00:121 / rx(05) / ... para netrx(03)
Mensaje Y / 00:00:00:121 / netrx(03) / notify /      0.00000 para top(01)
Mensaje X / 00:00:00:121 / netrx(03) / signal_props /      0.00000 para tt(04)
Mensaje Y / 00:00:00:121 / top(01) / notify /      0.00000 para Root(00)
Mensaje D / 00:00:00:121 / tt(04) / ... para netrx(03)
Mensaje D / 00:00:00:121 / netrx(03) / ... para top(01)
Mensaje D / 00:00:00:121 / top(01) / 00:00:00:004 para Root(00)
Mensaje * / 00:00:00:125 / Root(00) para top(01)
Mensaje * / 00:00:00:125 / top(01) para tr(02)
Mensaje Y / 00:00:00:125 / tr(02) / pulse_out /      0.00000 para top(01)
Mensaje D / 00:00:00:125 / tr(02) / 00:00:00:035 para top(01)
Mensaje X / 00:00:00:125 / top(01) / ext_signal /      0.00000 para netrx(03)
Mensaje X / 00:00:00:125 / netrx(03) / ext_signal /      0.00000 para rx(05)
Mensaje D / 00:00:00:125 / rx(05) / ... para netrx(03)
Mensaje D / 00:00:00:125 / netrx(03) / ... para top(01)
Mensaje D / 00:00:00:125 / top(01) / 00:00:00:035 para Root(00)
Mensaje * / 00:00:00:160 / Root(00) para top(01)
Mensaje * / 00:00:00:160 / top(01) para tr(02)
Mensaje Y / 00:00:00:160 / tr(02) / pulse_out /  24000.00000 para top(01)
Mensaje D / 00:00:00:160 / tr(02) / 00:00:00:005 para top(01)
Mensaje X / 00:00:00:160 / top(01) / ext_signal /  24000.00000 para netrx(03)
Mensaje X / 00:00:00:160 / netrx(03) / ext_signal /  24000.00000 para rx(05)
Mensaje D / 00:00:00:160 / rx(05) / 00:00:00:001 para netrx(03)
Mensaje D / 00:00:00:160 / netrx(03) / 00:00:00:001 para top(01)
Mensaje D / 00:00:00:160 / top(01) / 00:00:00:001 para Root(00)
Mensaje * / 00:00:00:161 / Root(00) para top(01)
Mensaje * / 00:00:00:161 / top(01) para netrx(03)
Mensaje * / 00:00:00:161 / netrx(03) para rx(05)
Mensaje Y / 00:00:00:161 / rx(05) / notify /      1.00000 para netrx(03)
Mensaje D / 00:00:00:161 / rx(05) / 00:00:00:010 para netrx(03)
Mensaje Y / 00:00:00:161 / netrx(03) / notify /      1.00000 para top(01)
Mensaje D / 00:00:00:161 / netrx(03) / 00:00:00:010 para top(01)
Mensaje Y / 00:00:00:161 / top(01) / notify /      1.00000 para Root(00)
Mensaje D / 00:00:00:161 / top(01) / 00:00:00:004 para Root(00)
Mensaje * / 00:00:00:165 / Root(00) para top(01)
Mensaje * / 00:00:00:165 / top(01) para tr(02)
Mensaje Y / 00:00:00:165 / tr(02) / pulse_out /      0.00000 para top(01)
Mensaje D / 00:00:00:165 / tr(02) / 00:00:00:035 para top(01)
Mensaje X / 00:00:00:165 / top(01) / ext_signal /      0.00000 para netrx(03)
Mensaje X / 00:00:00:165 / netrx(03) / ext_signal /      0.00000 para rx(05)
Mensaje D / 00:00:00:165 / rx(05) / 00:00:00:006 para netrx(03)
Mensaje D / 00:00:00:165 / netrx(03) / 00:00:00:006 para top(01)
Mensaje D / 00:00:00:165 / top(01) / 00:00:00:006 para Root(00)
Mensaje * / 00:00:00:171 / Root(00) para top(01)
Mensaje * / 00:00:00:171 / top(01) para netrx(03)
Mensaje * / 00:00:00:171 / netrx(03) para rx(05)
Mensaje Y / 00:00:00:171 / rx(05) / detected_signal_properties /  24000.00000 para netrx(03)
Mensaje D / 00:00:00:171 / rx(05) / 00:00:00:030 para netrx(03)
Mensaje X / 00:00:00:171 / netrx(03) / signal_props /  24000.00000 para tt(04)
Mensaje D / 00:00:00:171 / tt(04) / 00:00:00:005 para netrx(03)
Mensaje D / 00:00:00:171 / netrx(03) / 00:00:00:005 para top(01)
Mensaje D / 00:00:00:171 / top(01) / 00:00:00:005 para Root(00)
Mensaje * / 00:00:00:176 / Root(00) para top(01)
Mensaje * / 00:00:00:176 / top(01) para netrx(03)
Mensaje * / 00:00:00:176 / netrx(03) para tt(04)
Mensaje Y / 00:00:00:176 / tt(04) / bus_send_id /      1.00000 para netrx(03)
Mensaje Y / 00:00:00:176 / tt(04) / bus_send_freq /  24000.00000 para netrx(03)
Mensaje D / 00:00:00:176 / tt(04) / 00:00:00:010 para netrx(03)
Mensaje Y / 00:00:00:176 / netrx(03) / bs_id /      1.00000 para top(01)
Mensaje Y / 00:00:00:176 / netrx(03) / bs_freq /  24000.00000 para top(01)
Mensaje D / 00:00:00:176 / netrx(03) / 00:00:00:010 para top(01)
Mensaje Y / 00:00:00:176 / top(01) / bs_id /      1.00000 para Root(00)
Mensaje Y / 00:00:00:176 / top(01) / bs_freq /  24000.00000 para Root(00)
Mensaje D / 00:00:00:176 / top(01) / 00:00:00:010 para Root(00)
Mensaje * / 00:00:00:186 / Root(00) para top(01)
Mensaje * / 00:00:00:186 / top(01) para netrx(03)
Mensaje * / 00:00:00:186 / netrx(03) para tt(04)
Mensaje D / 00:00:00:186 / tt(04) / 00:00:00:000 para netrx(03)
Mensaje D / 00:00:00:186 / netrx(03) / 00:00:00:000 para top(01)
Mensaje D / 00:00:00:186 / top(01) / 00:00:00:000 para Root(00)
Mensaje * / 00:00:00:186 / Root(00) para top(01)
Mensaje * / 00:00:00:186 / top(01) para netrx(03)
Mensaje * / 00:00:00:186 / netrx(03) para tt(04)
Mensaje Y / 00:00:00:186 / tt(04) / new_freq /      0.00000 para netrx(03)
Mensaje Y / 00:00:00:186 / tt(04) / bus_send_id /      0.00000 para netrx(03)
Mensaje Y / 00:00:00:186 / tt(04) / bus_send_freq /      0.00000 para netrx(03)
Mensaje D / 00:00:00:186 / tt(04) / ... para netrx(03)
Mensaje X / 00:00:00:186 / netrx(03) / ext_signal /      0.00000 para rx(05)
Mensaje Y / 00:00:00:186 / netrx(03) / bs_id /      0.00000 para top(01)
Mensaje Y / 00:00:00:186 / netrx(03) / bs_freq /      0.00000 para top(01)
Mensaje D / 00:00:00:186 / rx(05) / 00:00:00:015 para netrx(03)
Mensaje Y / 00:00:00:186 / top(01) / bs_id /      0.00000 para Root(00)
Mensaje Y / 00:00:00:186 / top(01) / bs_freq /      0.00000 para Root(00)
Mensaje D / 00:00:00:186 / netrx(03) / 00:00:00:015 para top(01)
Mensaje D / 00:00:00:186 / top(01) / 00:00:00:014 para Root(00)
Mensaje * / 00:00:00:200 / Root(00) para top(01)
Mensaje * / 00:00:00:200 / top(01) para tr(02)
Mensaje Y / 00:00:00:200 / tr(02) / pulse_out /  24000.00000 para top(01)
Mensaje D / 00:00:00:200 / tr(02) / 00:00:00:005 para top(01)
Mensaje X / 00:00:00:200 / top(01) / ext_signal /  24000.00000 para netrx(03)
Mensaje X / 00:00:00:200 / netrx(03) / ext_signal /  24000.00000 para rx(05)
Mensaje D / 00:00:00:200 / rx(05) / 00:00:00:001 para netrx(03)
Mensaje D / 00:00:00:200 / netrx(03) / 00:00:00:001 para top(01)
Mensaje D / 00:00:00:200 / top(01) / 00:00:00:001 para Root(00)
Mensaje * / 00:00:00:201 / Root(00) para top(01)
Mensaje * / 00:00:00:201 / top(01) para netrx(03)
Mensaje * / 00:00:00:201 / netrx(03) para rx(05)
Mensaje Y / 00:00:00:201 / rx(05) / notify /      0.00000 para netrx(03)
Mensaje Y / 00:00:00:201 / rx(05) / detected_signal_properties /      0.00000 para netrx(03)
Mensaje D / 00:00:00:201 / rx(05) / ... para netrx(03)
Mensaje Y / 00:00:00:201 / netrx(03) / notify /      0.00000 para top(01)
Mensaje X / 00:00:00:201 / netrx(03) / signal_props /      0.00000 para tt(04)
Mensaje Y / 00:00:00:201 / top(01) / notify /      0.00000 para Root(00)
Mensaje D / 00:00:00:201 / tt(04) / ... para netrx(03)
Mensaje D / 00:00:00:201 / netrx(03) / ... para top(01)
Mensaje D / 00:00:00:201 / top(01) / 00:00:00:004 para Root(00)
Mensaje * / 00:00:00:205 / Root(00) para top(01)
Mensaje * / 00:00:00:205 / top(01) para tr(02)
Mensaje Y / 00:00:00:205 / tr(02) / pulse_out /      0.00000 para top(01)
Mensaje D / 00:00:00:205 / tr(02) / 00:00:00:035 para top(01)
Mensaje X / 00:00:00:205 / top(01) / ext_signal /      0.00000 para netrx(03)
Mensaje X / 00:00:00:205 / netrx(03) / ext_signal /      0.00000 para rx(05)
Mensaje D / 00:00:00:205 / rx(05) / ... para netrx(03)
Mensaje D / 00:00:00:205 / netrx(03) / ... para top(01)
Mensaje D / 00:00:00:205 / top(01) / 00:00:00:035 para Root(00)
Mensaje * / 00:00:00:240 / Root(00) para top(01)
Mensaje * / 00:00:00:240 / top(01) para tr(02)
Mensaje Y / 00:00:00:240 / tr(02) / pulse_out /  24000.00000 para top(01)
Mensaje D / 00:00:00:240 / tr(02) / 00:00:00:005 para top(01)
Mensaje X / 00:00:00:240 / top(01) / ext_signal /  24000.00000 para netrx(03)
Mensaje X / 00:00:00:240 / netrx(03) / ext_signal /  24000.00000 para rx(05)
Mensaje D / 00:00:00:240 / rx(05) / 00:00:00:001 para netrx(03)
Mensaje D / 00:00:00:240 / netrx(03) / 00:00:00:001 para top(01)
Mensaje D / 00:00:00:240 / top(01) / 00:00:00:001 para Root(00)
Mensaje * / 00:00:00:241 / Root(00) para top(01)
Mensaje * / 00:00:00:241 / top(01) para netrx(03)
Mensaje * / 00:00:00:241 / netrx(03) para rx(05)
Mensaje Y / 00:00:00:241 / rx(05) / notify /      1.00000 para netrx(03)
Mensaje D / 00:00:00:241 / rx(05) / 00:00:00:010 para netrx(03)
Mensaje Y / 00:00:00:241 / netrx(03) / notify /      1.00000 para top(01)
Mensaje D / 00:00:00:241 / netrx(03) / 00:00:00:010 para top(01)
Mensaje Y / 00:00:00:241 / top(01) / notify /      1.00000 para Root(00)
Mensaje D / 00:00:00:241 / top(01) / 00:00:00:004 para Root(00)
Mensaje * / 00:00:00:245 / Root(00) para top(01)
Mensaje * / 00:00:00:245 / top(01) para tr(02)
Mensaje Y / 00:00:00:245 / tr(02) / pulse_out /      0.00000 para top(01)
Mensaje D / 00:00:00:245 / tr(02) / 00:00:00:035 para top(01)
Mensaje X / 00:00:00:245 / top(01) / ext_signal /      0.00000 para netrx(03)
Mensaje X / 00:00:00:245 / netrx(03) / ext_signal /      0.00000 para rx(05)
Mensaje D / 00:00:00:245 / rx(05) / 00:00:00:006 para netrx(03)
Mensaje D / 00:00:00:245 / netrx(03) / 00:00:00:006 para top(01)
Mensaje D / 00:00:00:245 / top(01) / 00:00:00:006 para Root(00)
Mensaje * / 00:00:00:251 / Root(00) para top(01)
Mensaje * / 00:00:00:251 / top(01) para netrx(03)
Mensaje * / 00:00:00:251 / netrx(03) para rx(05)
Mensaje Y / 00:00:00:251 / rx(05) / detected_signal_properties /  24000.00000 para netrx(03)
Mensaje D / 00:00:00:251 / rx(05) / 00:00:00:030 para netrx(03)
Mensaje X / 00:00:00:251 / netrx(03) / signal_props /  24000.00000 para tt(04)
Mensaje D / 00:00:00:251 / tt(04) / 00:00:00:005 para netrx(03)
Mensaje D / 00:00:00:251 / netrx(03) / 00:00:00:005 para top(01)
Mensaje D / 00:00:00:251 / top(01) / 00:00:00:005 para Root(00)
Mensaje * / 00:00:00:256 / Root(00) para top(01)
Mensaje * / 00:00:00:256 / top(01) para netrx(03)
Mensaje * / 00:00:00:256 / netrx(03) para tt(04)
Mensaje Y / 00:00:00:256 / tt(04) / bus_send_id /      1.00000 para netrx(03)
Mensaje Y / 00:00:00:256 / tt(04) / bus_send_freq /  24000.00000 para netrx(03)
Mensaje D / 00:00:00:256 / tt(04) / 00:00:00:010 para netrx(03)
Mensaje Y / 00:00:00:256 / netrx(03) / bs_id /      1.00000 para top(01)
Mensaje Y / 00:00:00:256 / netrx(03) / bs_freq /  24000.00000 para top(01)
Mensaje D / 00:00:00:256 / netrx(03) / 00:00:00:010 para top(01)
Mensaje Y / 00:00:00:256 / top(01) / bs_id /      1.00000 para Root(00)
Mensaje Y / 00:00:00:256 / top(01) / bs_freq /  24000.00000 para Root(00)
Mensaje D / 00:00:00:256 / top(01) / 00:00:00:010 para Root(00)
Mensaje * / 00:00:00:266 / Root(00) para top(01)
Mensaje * / 00:00:00:266 / top(01) para netrx(03)
Mensaje * / 00:00:00:266 / netrx(03) para tt(04)
Mensaje D / 00:00:00:266 / tt(04) / 00:00:00:000 para netrx(03)
Mensaje D / 00:00:00:266 / netrx(03) / 00:00:00:000 para top(01)
Mensaje D / 00:00:00:266 / top(01) / 00:00:00:000 para Root(00)
Mensaje * / 00:00:00:266 / Root(00) para top(01)
Mensaje * / 00:00:00:266 / top(01) para netrx(03)
Mensaje * / 00:00:00:266 / netrx(03) para tt(04)
Mensaje Y / 00:00:00:266 / tt(04) / new_freq /      0.00000 para netrx(03)
Mensaje Y / 00:00:00:266 / tt(04) / bus_send_id /      0.00000 para netrx(03)
Mensaje Y / 00:00:00:266 / tt(04) / bus_send_freq /      0.00000 para netrx(03)
Mensaje D / 00:00:00:266 / tt(04) / ... para netrx(03)
Mensaje X / 00:00:00:266 / netrx(03) / ext_signal /      0.00000 para rx(05)
Mensaje Y / 00:00:00:266 / netrx(03) / bs_id /      0.00000 para top(01)
Mensaje Y / 00:00:00:266 / netrx(03) / bs_freq /      0.00000 para top(01)
Mensaje D / 00:00:00:266 / rx(05) / 00:00:00:015 para netrx(03)
Mensaje Y / 00:00:00:266 / top(01) / bs_id /      0.00000 para Root(00)
Mensaje Y / 00:00:00:266 / top(01) / bs_freq /      0.00000 para Root(00)
Mensaje D / 00:00:00:266 / netrx(03) / 00:00:00:015 para top(01)
Mensaje D / 00:00:00:266 / top(01) / 00:00:00:014 para Root(00)
Mensaje * / 00:00:00:280 / Root(00) para top(01)
Mensaje * / 00:00:00:280 / top(01) para tr(02)
Mensaje Y / 00:00:00:280 / tr(02) / pulse_out /  24000.00000 para top(01)
Mensaje D / 00:00:00:280 / tr(02) / 00:00:00:005 para top(01)
Mensaje X / 00:00:00:280 / top(01) / ext_signal /  24000.00000 para netrx(03)
Mensaje X / 00:00:00:280 / netrx(03) / ext_signal /  24000.00000 para rx(05)
Mensaje D / 00:00:00:280 / rx(05) / 00:00:00:001 para netrx(03)
Mensaje D / 00:00:00:280 / netrx(03) / 00:00:00:001 para top(01)
Mensaje D / 00:00:00:280 / top(01) / 00:00:00:001 para Root(00)
Mensaje * / 00:00:00:281 / Root(00) para top(01)
Mensaje * / 00:00:00:281 / top(01) para netrx(03)
Mensaje * / 00:00:00:281 / netrx(03) para rx(05)
Mensaje Y / 00:00:00:281 / rx(05) / notify /      0.00000 para netrx(03)
Mensaje Y / 00:00:00:281 / rx(05) / detected_signal_properties /      0.00000 para netrx(03)
Mensaje D / 00:00:00:281 / rx(05) / ... para netrx(03)
Mensaje Y / 00:00:00:281 / netrx(03) / notify /      0.00000 para top(01)
Mensaje X / 00:00:00:281 / netrx(03) / signal_props /      0.00000 para tt(04)
Mensaje Y / 00:00:00:281 / top(01) / notify /      0.00000 para Root(00)
Mensaje D / 00:00:00:281 / tt(04) / ... para netrx(03)
Mensaje D / 00:00:00:281 / netrx(03) / ... para top(01)
Mensaje D / 00:00:00:281 / top(01) / 00:00:00:004 para Root(00)
Mensaje * / 00:00:00:285 / Root(00) para top(01)
Mensaje * / 00:00:00:285 / top(01) para tr(02)
Mensaje Y / 00:00:00:285 / tr(02) / pulse_out /      0.00000 para top(01)
Mensaje D / 00:00:00:285 / tr(02) / 00:00:00:035 para top(01)
Mensaje X / 00:00:00:285 / top(01) / ext_signal /      0.00000 para netrx(03)
Mensaje X / 00:00:00:285 / netrx(03) / ext_signal /      0.00000 para rx(05)
Mensaje D / 00:00:00:285 / rx(05) / ... para netrx(03)
Mensaje D / 00:00:00:285 / netrx(03) / ... para top(01)
Mensaje D / 00:00:00:285 / top(01) / 00:00:00:035 para Root(00)
