Mensaje I / 00:00:00:000 / Root(00) para top(01)
Mensaje I / 00:00:00:000 / top(01) para rx(02)
Mensaje D / 00:00:00:000 / rx(02) / ... para top(01)
Mensaje D / 00:00:00:000 / top(01) / ... para Root(00)
Mensaje X / 00:00:10:000 / Root(00) / test_signal /  10000.00000 para top(01)
Mensaje X / 00:00:10:000 / top(01) / ext_signal /  10000.00000 para rx(02)
Mensaje D / 00:00:10:000 / rx(02) / ... para top(01)
Mensaje D / 00:00:10:000 / top(01) / ... para Root(00)
Mensaje X / 00:00:30:000 / Root(00) / test_signal /  11000.00000 para top(01)
Mensaje X / 00:00:30:000 / top(01) / ext_signal /  11000.00000 para rx(02)
Mensaje D / 00:00:30:000 / rx(02) / ... para top(01)
Mensaje D / 00:00:30:000 / top(01) / ... para Root(00)
Mensaje X / 00:01:00:000 / Root(00) / test_signal /  22000.00000 para top(01)
Mensaje X / 00:01:00:000 / top(01) / ext_signal /  22000.00000 para rx(02)
Mensaje D / 00:01:00:000 / rx(02) / 00:00:00:001 para top(01)
Mensaje D / 00:01:00:000 / top(01) / 00:00:00:001 para Root(00)
Mensaje * / 00:01:00:001 / Root(00) para top(01)
Mensaje * / 00:01:00:001 / top(01) para rx(02)
Mensaje Y / 00:01:00:001 / rx(02) / notify /      1.00000 para top(01)
Mensaje D / 00:01:00:001 / rx(02) / 00:00:00:010 para top(01)
Mensaje Y / 00:01:00:001 / top(01) / notify /      1.00000 para Root(00)
Mensaje D / 00:01:00:001 / top(01) / 00:00:00:010 para Root(00)
Mensaje * / 00:01:00:011 / Root(00) para top(01)
Mensaje * / 00:01:00:011 / top(01) para rx(02)
Mensaje Y / 00:01:00:011 / rx(02) / detected_signal_properties /  22000.00000 para top(01)
Mensaje D / 00:01:00:011 / rx(02) / 00:00:00:030 para top(01)
Mensaje Y / 00:01:00:011 / top(01) / props /  22000.00000 para Root(00)
Mensaje D / 00:01:00:011 / top(01) / 00:00:00:030 para Root(00)
Mensaje * / 00:01:00:041 / Root(00) para top(01)
Mensaje * / 00:01:00:041 / top(01) para rx(02)
Mensaje Y / 00:01:00:041 / rx(02) / notify /      0.00000 para top(01)
Mensaje Y / 00:01:00:041 / rx(02) / detected_signal_properties /      0.00000 para top(01)
Mensaje D / 00:01:00:041 / rx(02) / ... para top(01)
Mensaje Y / 00:01:00:041 / top(01) / notify /      0.00000 para Root(00)
Mensaje Y / 00:01:00:041 / top(01) / props /      0.00000 para Root(00)
Mensaje D / 00:01:00:041 / top(01) / ... para Root(00)
Mensaje X / 00:02:20:000 / Root(00) / test_signal /  23000.00000 para top(01)
Mensaje X / 00:02:20:000 / top(01) / ext_signal /  23000.00000 para rx(02)
Mensaje D / 00:02:20:000 / rx(02) / 00:00:00:001 para top(01)
Mensaje D / 00:02:20:000 / top(01) / 00:00:00:001 para Root(00)
Mensaje * / 00:02:20:001 / Root(00) para top(01)
Mensaje * / 00:02:20:001 / top(01) para rx(02)
Mensaje Y / 00:02:20:001 / rx(02) / notify /      1.00000 para top(01)
Mensaje D / 00:02:20:001 / rx(02) / 00:00:00:010 para top(01)
Mensaje Y / 00:02:20:001 / top(01) / notify /      1.00000 para Root(00)
Mensaje D / 00:02:20:001 / top(01) / 00:00:00:010 para Root(00)
Mensaje * / 00:02:20:011 / Root(00) para top(01)
Mensaje * / 00:02:20:011 / top(01) para rx(02)
Mensaje Y / 00:02:20:011 / rx(02) / detected_signal_properties /  23000.00000 para top(01)
Mensaje D / 00:02:20:011 / rx(02) / 00:00:00:030 para top(01)
Mensaje Y / 00:02:20:011 / top(01) / props /  23000.00000 para Root(00)
Mensaje D / 00:02:20:011 / top(01) / 00:00:00:030 para Root(00)
Mensaje * / 00:02:20:041 / Root(00) para top(01)
Mensaje * / 00:02:20:041 / top(01) para rx(02)
Mensaje Y / 00:02:20:041 / rx(02) / notify /      0.00000 para top(01)
Mensaje Y / 00:02:20:041 / rx(02) / detected_signal_properties /      0.00000 para top(01)
Mensaje D / 00:02:20:041 / rx(02) / ... para top(01)
Mensaje Y / 00:02:20:041 / top(01) / notify /      0.00000 para Root(00)
Mensaje Y / 00:02:20:041 / top(01) / props /      0.00000 para Root(00)
Mensaje D / 00:02:20:041 / top(01) / ... para Root(00)
