Mensaje I / 00:00:00:000 / Root(00) para top(01)
Mensaje I / 00:00:00:000 / top(01) para tr(02)
Mensaje D / 00:00:00:000 / tr(02) / 00:00:00:000 para top(01)
Mensaje D / 00:00:00:000 / top(01) / 00:00:00:000 para Root(00)
Mensaje * / 00:00:00:000 / Root(00) para top(01)
Mensaje * / 00:00:00:000 / top(01) para tr(02)
Mensaje Y / 00:00:00:000 / tr(02) / pulse_out /  22000.00000 para top(01)
Mensaje D / 00:00:00:000 / tr(02) / 00:00:00:003 para top(01)
Mensaje Y / 00:00:00:000 / top(01) / out /  22000.00000 para Root(00)
Mensaje D / 00:00:00:000 / top(01) / 00:00:00:003 para Root(00)
Mensaje * / 00:00:00:003 / Root(00) para top(01)
Mensaje * / 00:00:00:003 / top(01) para tr(02)
Mensaje Y / 00:00:00:003 / tr(02) / pulse_out /      0.00000 para top(01)
Mensaje D / 00:00:00:003 / tr(02) / 00:00:00:027 para top(01)
Mensaje Y / 00:00:00:003 / top(01) / out /      0.00000 para Root(00)
Mensaje D / 00:00:00:003 / top(01) / 00:00:00:027 para Root(00)
Mensaje * / 00:00:00:030 / Root(00) para top(01)
Mensaje * / 00:00:00:030 / top(01) para tr(02)
Mensaje Y / 00:00:00:030 / tr(02) / pulse_out /  22000.00000 para top(01)
Mensaje D / 00:00:00:030 / tr(02) / 00:00:00:003 para top(01)
Mensaje Y / 00:00:00:030 / top(01) / out /  22000.00000 para Root(00)
Mensaje D / 00:00:00:030 / top(01) / 00:00:00:003 para Root(00)
Mensaje * / 00:00:00:033 / Root(00) para top(01)
Mensaje * / 00:00:00:033 / top(01) para tr(02)
Mensaje Y / 00:00:00:033 / tr(02) / pulse_out /      0.00000 para top(01)
Mensaje D / 00:00:00:033 / tr(02) / 00:00:00:027 para top(01)
Mensaje Y / 00:00:00:033 / top(01) / out /      0.00000 para Root(00)
Mensaje D / 00:00:00:033 / top(01) / 00:00:00:027 para Root(00)
Mensaje * / 00:00:00:060 / Root(00) para top(01)
Mensaje * / 00:00:00:060 / top(01) para tr(02)
Mensaje Y / 00:00:00:060 / tr(02) / pulse_out /  22000.00000 para top(01)
Mensaje D / 00:00:00:060 / tr(02) / 00:00:00:003 para top(01)
Mensaje Y / 00:00:00:060 / top(01) / out /  22000.00000 para Root(00)
Mensaje D / 00:00:00:060 / top(01) / 00:00:00:003 para Root(00)
Mensaje * / 00:00:00:063 / Root(00) para top(01)
Mensaje * / 00:00:00:063 / top(01) para tr(02)
Mensaje Y / 00:00:00:063 / tr(02) / pulse_out /      0.00000 para top(01)
Mensaje D / 00:00:00:063 / tr(02) / 00:00:00:027 para top(01)
Mensaje Y / 00:00:00:063 / top(01) / out /      0.00000 para Root(00)
Mensaje D / 00:00:00:063 / top(01) / 00:00:00:027 para Root(00)
Mensaje * / 00:00:00:090 / Root(00) para top(01)
Mensaje * / 00:00:00:090 / top(01) para tr(02)
Mensaje Y / 00:00:00:090 / tr(02) / pulse_out /  22000.00000 para top(01)
Mensaje D / 00:00:00:090 / tr(02) / 00:00:00:003 para top(01)
Mensaje Y / 00:00:00:090 / top(01) / out /  22000.00000 para Root(00)
Mensaje D / 00:00:00:090 / top(01) / 00:00:00:003 para Root(00)
Mensaje * / 00:00:00:093 / Root(00) para top(01)
Mensaje * / 00:00:00:093 / top(01) para tr(02)
Mensaje Y / 00:00:00:093 / tr(02) / pulse_out /      0.00000 para top(01)
Mensaje D / 00:00:00:093 / tr(02) / 00:00:00:027 para top(01)
Mensaje Y / 00:00:00:093 / top(01) / out /      0.00000 para Root(00)
Mensaje D / 00:00:00:093 / top(01) / 00:00:00:027 para Root(00)
Mensaje * / 00:00:00:120 / Root(00) para top(01)
Mensaje * / 00:00:00:120 / top(01) para tr(02)
Mensaje Y / 00:00:00:120 / tr(02) / pulse_out /  22000.00000 para top(01)
Mensaje D / 00:00:00:120 / tr(02) / 00:00:00:003 para top(01)
Mensaje Y / 00:00:00:120 / top(01) / out /  22000.00000 para Root(00)
Mensaje D / 00:00:00:120 / top(01) / 00:00:00:003 para Root(00)
Mensaje * / 00:00:00:123 / Root(00) para top(01)
Mensaje * / 00:00:00:123 / top(01) para tr(02)
Mensaje Y / 00:00:00:123 / tr(02) / pulse_out /      0.00000 para top(01)
Mensaje D / 00:00:00:123 / tr(02) / 00:00:00:027 para top(01)
Mensaje Y / 00:00:00:123 / top(01) / out /      0.00000 para Root(00)
Mensaje D / 00:00:00:123 / top(01) / 00:00:00:027 para Root(00)
Mensaje * / 00:00:00:150 / Root(00) para top(01)
Mensaje * / 00:00:00:150 / top(01) para tr(02)
Mensaje Y / 00:00:00:150 / tr(02) / pulse_out /  22000.00000 para top(01)
Mensaje D / 00:00:00:150 / tr(02) / 00:00:00:003 para top(01)
Mensaje Y / 00:00:00:150 / top(01) / out /  22000.00000 para Root(00)
Mensaje D / 00:00:00:150 / top(01) / 00:00:00:003 para Root(00)
Mensaje * / 00:00:00:153 / Root(00) para top(01)
Mensaje * / 00:00:00:153 / top(01) para tr(02)
Mensaje Y / 00:00:00:153 / tr(02) / pulse_out /      0.00000 para top(01)
Mensaje D / 00:00:00:153 / tr(02) / 00:00:00:027 para top(01)
Mensaje Y / 00:00:00:153 / top(01) / out /      0.00000 para Root(00)
Mensaje D / 00:00:00:153 / top(01) / 00:00:00:027 para Root(00)
Mensaje * / 00:00:00:180 / Root(00) para top(01)
Mensaje * / 00:00:00:180 / top(01) para tr(02)
Mensaje Y / 00:00:00:180 / tr(02) / pulse_out /  22000.00000 para top(01)
Mensaje D / 00:00:00:180 / tr(02) / 00:00:00:003 para top(01)
Mensaje Y / 00:00:00:180 / top(01) / out /  22000.00000 para Root(00)
Mensaje D / 00:00:00:180 / top(01) / 00:00:00:003 para Root(00)
Mensaje * / 00:00:00:183 / Root(00) para top(01)
Mensaje * / 00:00:00:183 / top(01) para tr(02)
Mensaje Y / 00:00:00:183 / tr(02) / pulse_out /      0.00000 para top(01)
Mensaje D / 00:00:00:183 / tr(02) / 00:00:00:027 para top(01)
Mensaje Y / 00:00:00:183 / top(01) / out /      0.00000 para Root(00)
Mensaje D / 00:00:00:183 / top(01) / 00:00:00:027 para Root(00)
Mensaje * / 00:00:00:210 / Root(00) para top(01)
Mensaje * / 00:00:00:210 / top(01) para tr(02)
Mensaje Y / 00:00:00:210 / tr(02) / pulse_out /  22000.00000 para top(01)
Mensaje D / 00:00:00:210 / tr(02) / 00:00:00:003 para top(01)
Mensaje Y / 00:00:00:210 / top(01) / out /  22000.00000 para Root(00)
Mensaje D / 00:00:00:210 / top(01) / 00:00:00:003 para Root(00)
Mensaje * / 00:00:00:213 / Root(00) para top(01)
Mensaje * / 00:00:00:213 / top(01) para tr(02)
Mensaje Y / 00:00:00:213 / tr(02) / pulse_out /      0.00000 para top(01)
Mensaje D / 00:00:00:213 / tr(02) / 00:00:00:027 para top(01)
Mensaje Y / 00:00:00:213 / top(01) / out /      0.00000 para Root(00)
Mensaje D / 00:00:00:213 / top(01) / 00:00:00:027 para Root(00)
Mensaje * / 00:00:00:240 / Root(00) para top(01)
Mensaje * / 00:00:00:240 / top(01) para tr(02)
Mensaje Y / 00:00:00:240 / tr(02) / pulse_out /  22000.00000 para top(01)
Mensaje D / 00:00:00:240 / tr(02) / 00:00:00:003 para top(01)
Mensaje Y / 00:00:00:240 / top(01) / out /  22000.00000 para Root(00)
Mensaje D / 00:00:00:240 / top(01) / 00:00:00:003 para Root(00)
Mensaje * / 00:00:00:243 / Root(00) para top(01)
Mensaje * / 00:00:00:243 / top(01) para tr(02)
Mensaje Y / 00:00:00:243 / tr(02) / pulse_out /      0.00000 para top(01)
Mensaje D / 00:00:00:243 / tr(02) / 00:00:00:027 para top(01)
Mensaje Y / 00:00:00:243 / top(01) / out /      0.00000 para Root(00)
Mensaje D / 00:00:00:243 / top(01) / 00:00:00:027 para Root(00)
Mensaje * / 00:00:00:270 / Root(00) para top(01)
Mensaje * / 00:00:00:270 / top(01) para tr(02)
Mensaje Y / 00:00:00:270 / tr(02) / pulse_out /  22000.00000 para top(01)
Mensaje D / 00:00:00:270 / tr(02) / 00:00:00:003 para top(01)
Mensaje Y / 00:00:00:270 / top(01) / out /  22000.00000 para Root(00)
Mensaje D / 00:00:00:270 / top(01) / 00:00:00:003 para Root(00)
Mensaje * / 00:00:00:273 / Root(00) para top(01)
Mensaje * / 00:00:00:273 / top(01) para tr(02)
Mensaje Y / 00:00:00:273 / tr(02) / pulse_out /      0.00000 para top(01)
Mensaje D / 00:00:00:273 / tr(02) / 00:00:00:027 para top(01)
Mensaje Y / 00:00:00:273 / top(01) / out /      0.00000 para Root(00)
Mensaje D / 00:00:00:273 / top(01) / 00:00:00:027 para Root(00)
Mensaje * / 00:00:00:300 / Root(00) para top(01)
Mensaje * / 00:00:00:300 / top(01) para tr(02)
Mensaje Y / 00:00:00:300 / tr(02) / pulse_out /  22000.00000 para top(01)
Mensaje D / 00:00:00:300 / tr(02) / 00:00:00:003 para top(01)
Mensaje Y / 00:00:00:300 / top(01) / out /  22000.00000 para Root(00)
Mensaje D / 00:00:00:300 / top(01) / 00:00:00:003 para Root(00)
